<?xml version="1.0" encoding="UTF-8"?>
<!-- Generated by org.testng.reporters.JUnitReportReporter -->
<testsuite hostname="LAPTOP-VCCJI93C" failures="0" tests="1" name="test.NotepadTest" time="11.120" errors="0" timestamp="2025-05-14T11:05:46 IST" skipped="0">
  <testcase classname="test.NotepadTest" name="testNotepadSaveFile" time="11.120"/>
  <system-out/>
</testsuite> <!-- test.NotepadTest -->
